 Total Nb of available Diagnostics: ndiagt=   396
------------------------------------------------------------------------------------
  Num  |<-Name->|Levs|  mate |<- code ->|<--  Units   -->|<- Tile (max=80c)         
------------------------------------------------------------------------------------
     1 |SDIAG1  |  1 |       |SM      L1|user-defined    |User-Defined   Surface   Diagnostic  #1
     2 |SDIAG2  |  1 |       |SM      L1|user-defined    |User-Defined   Surface   Diagnostic  #2
     3 |SDIAG3  |  1 |       |SM      L1|user-defined    |User-Defined   Surface   Diagnostic  #3
     4 |SDIAG4  |  1 |       |SM      L1|user-defined    |User-Defined   Surface   Diagnostic  #4
     5 |SDIAG5  |  1 |       |SM      L1|user-defined    |User-Defined   Surface   Diagnostic  #5
     6 |SDIAG6  |  1 |       |SM      L1|user-defined    |User-Defined   Surface   Diagnostic  #6
     7 |SDIAG7  |  1 |       |SU      L1|user-defined    |User-Defined U.pt Surface Diagnostic #7
     8 |SDIAG8  |  1 |       |SV      L1|user-defined    |User-Defined V.pt Surface Diagnostic #8
     9 |SDIAG9  |  1 |    10 |UU      L1|user-defined    |User-Defined U.vector Surface Diag.  #9
    10 |SDIAG10 |  1 |     9 |VV      L1|user-defined    |User-Defined V.vector Surface Diag. #10
    11 |UDIAG1  |  1 |       |SM      MR|user-defined    |User-Defined Model-Level Diagnostic  #1
    12 |UDIAG2  |  1 |       |SM      MR|user-defined    |User-Defined Model-Level Diagnostic  #2
    13 |UDIAG3  |  1 |       |SMR     MR|user-defined    |User-Defined Model-Level Diagnostic  #3
    14 |UDIAG4  |  1 |       |SMR     MR|user-defined    |User-Defined Model-Level Diagnostic  #4
    15 |UDIAG5  |  1 |       |SU      MR|user-defined    |User-Defined U.pt Model-Level Diag.  #5
    16 |UDIAG6  |  1 |       |SV      MR|user-defined    |User-Defined V.pt Model-Level Diag.  #6
    17 |UDIAG7  |  1 |    18 |UUR     MR|user-defined    |User-Defined U.vector Model-Lev Diag.#7
    18 |UDIAG8  |  1 |    17 |VVR     MR|user-defined    |User-Defined V.vector Model-Lev Diag.#8
    19 |UDIAG9  |  1 |       |SM      ML|user-defined    |User-Defined Phys-Level  Diagnostic  #9
    20 |UDIAG10 |  1 |       |SM      ML|user-defined    |User-Defined Phys-Level  Diagnostic #10
    21 |SDIAGC  |  1 |    22 |SM  C   L1|user-defined    |User-Defined Counted Surface Diagnostic
    22 |SDIAGCC |  1 |       |SM      L1|count           |User-Defined Surface Diagnostic Counter
    23 |ETAN    |  1 |       |SM      M1|m               |Surface Height Anomaly
    24 |ETANSQ  |  1 |       |SM P    M1|m^2             |Square of Surface Height Anomaly
    25 |DETADT2 |  1 |       |SM      M1|m^2/s^2         |Square of Surface Height Anomaly Tendency
    26 |THETA   |  1 |       |SMR     MR|degC            |Potential Temperature
    27 |SALT    |  1 |       |SMR     MR|psu             |Salinity
    28 |RELHUM  |  1 |       |SMR     MR|percent         |Relative Humidity
    29 |SALTanom|  1 |       |SMR     MR|psu             |Salt anomaly (=SALT-35; g/kg)
    30 |UVEL    |  1 |    31 |UUR     MR|m/s             |Zonal Component of Velocity (m/s)
    31 |VVEL    |  1 |    30 |VVR     MR|m/s             |Meridional Component of Velocity (m/s)
    32 |WVEL    |  1 |       |WM      LR|m/s             |Vertical Component of Velocity (r_units/s)
    33 |THETASQ |  1 |       |SMRP    MR|degC^2          |Square of Potential Temperature
    34 |SALTSQ  |  1 |       |SMRP    MR|(psu)^2         |Square of Salinity
    35 |SALTSQan|  1 |       |SMRP    MR|(psu)^2         |Square of Salt anomaly (=(SALT-35)^2 (g^2/kg^2)
    36 |UVELSQ  |  1 |    37 |UURP    MR|m^2/s^2         |Square of Zonal Comp of Velocity (m^2/s^2)
    37 |VVELSQ  |  1 |    36 |VVRP    MR|m^2/s^2         |Square of Meridional Comp of Velocity (m^2/s^2)
    38 |WVELSQ  |  1 |       |WM P    LR|m^2/s^2         |Square of Vertical Comp of Velocity
    39 |UE_VEL_C|  1 |    40 |UMR     MR|m/s             |Eastward Velocity (m/s) (cell center)
    40 |VN_VEL_C|  1 |    39 |VMR     MR|m/s             |Northward Velocity (m/s) (cell center)
    41 |UV_VEL_C|  1 |    41 |UMR     MR|m^2/s^2         |Product of horizontal Comp of velocity (cell center)
    42 |UV_VEL_Z|  1 |    42 |UZR     MR|m^2/s^2         |Meridional Transport of Zonal Momentum (m^2/s^2)
    43 |WU_VEL  |  1 |       |WU      LR|m.m/s^2         |Vertical Transport of Zonal Momentum
    44 |WV_VEL  |  1 |       |WV      LR|m.m/s^2         |Vertical Transport of Meridional Momentum
    45 |UVELMASS|  1 |    46 |UUr     MR|m/s             |Zonal Mass-Weighted Comp of Velocity (m/s)
    46 |VVELMASS|  1 |    45 |VVr     MR|m/s             |Meridional Mass-Weighted Comp of Velocity (m/s)
    47 |WVELMASS|  1 |       |WM      LR|m/s             |Vertical Mass-Weighted Comp of Velocity
    48 |PhiVEL  |  1 |    45 |SMR P   MR|m^2/s           |Horizontal Velocity Potential (m^2/s)
    49 |PsiVEL  |  1 |    48 |SZ  P   MR|m.m^2/s         |Horizontal Velocity Stream-Function
    50 |UTHMASS |  1 |    51 |UUr     MR|degC.m/s        |Zonal Mass-Weight Transp of Pot Temp
    51 |VTHMASS |  1 |    50 |VVr     MR|degC.m/s        |Meridional Mass-Weight Transp of Pot Temp
    52 |WTHMASS |  1 |       |WM      LR|degC.m/s        |Vertical Mass-Weight Transp of Pot Temp (K.m/s)
    53 |USLTMASS|  1 |    54 |UUr     MR|psu.m/s         |Zonal Mass-Weight Transp of Salinity
    54 |VSLTMASS|  1 |    53 |VVr     MR|psu.m/s         |Meridional Mass-Weight Transp of Salinity
    55 |WSLTMASS|  1 |       |WM      LR|psu.m/s         |Vertical Mass-Weight Transp of Salinity
    56 |UVELTH  |  1 |    57 |UUR     MR|degC.m/s        |Zonal Transport of Pot Temp
    57 |VVELTH  |  1 |    56 |VVR     MR|degC.m/s        |Meridional Transport of Pot Temp
    58 |WVELTH  |  1 |       |WM      LR|degC.m/s        |Vertical Transport of Pot Temp
    59 |UVELSLT |  1 |    60 |UUR     MR|psu.m/s         |Zonal Transport of Salinity
    60 |VVELSLT |  1 |    59 |VVR     MR|psu.m/s         |Meridional Transport of Salinity
    61 |WVELSLT |  1 |       |WM      LR|psu.m/s         |Vertical Transport of Salinity
    62 |UVELPHI |  1 |    63 |UUr     MR|m^3/s^3         |Zonal Mass-Weight Transp of Pressure Pot.(p/rho) Anomaly
    63 |VVELPHI |  1 |    62 |VVr     MR|m^3/s^3         |Merid. Mass-Weight Transp of Pressure Pot.(p/rho) Anomaly
    64 |RHOAnoma|  1 |       |SMR     MR|kg/m^3          |Density Anomaly (=Rho-rhoConst)
    65 |RHOANOSQ|  1 |       |SMRP    MR|kg^2/m^6        |Square of Density Anomaly (=(Rho-rhoConst)^2)
    66 |URHOMASS|  1 |    67 |UUr     MR|kg/m^2/s        |Zonal Transport of Density
    67 |VRHOMASS|  1 |    66 |VVr     MR|kg/m^2/s        |Meridional Transport of Density
    68 |WRHOMASS|  1 |       |WM      LR|kg/m^2/s        |Vertical Transport of Density
    69 |WdRHO_P |  1 |       |WM      LR|kg/m^2/s        |Vertical velocity times delta^k(Rho)_at-const-P
    70 |WdRHOdP |  1 |       |WM      LR|kg/m^2/s        |Vertical velocity times delta^k(Rho)_at-const-T,S
    71 |PHIHYD  |  1 |       |SMR     MR|m^2/s^2         |Hydrostatic Pressure Pot.(p/rho) Anomaly
    72 |PHIHYDSQ|  1 |       |SMRP    MR|m^4/s^4         |Square of Hyd. Pressure Pot.(p/rho) Anomaly
    73 |PHIBOT  |  1 |       |SM      M1|m^2/s^2         |Bottom Pressure Pot.(p/rho) Anomaly
    74 |PHIBOTSQ|  1 |       |SM P    M1|m^4/s^4         |Square of Bottom Pressure Pot.(p/rho) Anomaly
    75 |PHI_SURF|  1 |       |SM      M1|m^2/s^2         |Surface Dynamical Pressure Pot.(p/rho)
    76 |PHIHYDcR|  1 |       |SMR     MR|m^2/s^2         |Hydrostatic Pressure Pot.(p/rho) Anomaly @ const r
    77 |MXLDEPTH|  1 |       |SM      M1|m               |Mixed-Layer Depth (>0)
    78 |DRHODR  |  1 |       |SM      LR|kg/m^4          |Stratification: d.Sigma/dr (kg/m3/r_unit)
    79 |CONVADJ |  1 |       |SMR     LR|fraction        |Convective Adjustment Index [0-1]
    80 |oceTAUX |  1 |    81 |UU      U1|N/m^2           |zonal surface wind stress, >0 increases uVel
    81 |oceTAUY |  1 |    80 |VV      U1|N/m^2           |meridional surf. wind stress, >0 increases vVel
    82 |atmPload|  1 |       |SM      U1|Pa              |Atmospheric pressure loading
    83 |sIceLoad|  1 |       |SM      U1|kg/m^2          |sea-ice loading (in Mass of ice+snow / area unit)
    84 |oceFWflx|  1 |       |SM      U1|kg/m^2/s        |net surface Fresh-Water flux into the ocean (+=down), >0 decreases salinity
    85 |oceSflux|  1 |       |SM      U1|g/m^2/s         |net surface Salt flux into the ocean (+=down), >0 increases salinity
    86 |oceQnet |  1 |       |SM      U1|W/m^2           |net surface heat flux into the ocean (+=down), >0 increases theta
    87 |oceQsw  |  1 |       |SM      U1|W/m^2           |net Short-Wave radiation (+=down), >0 increases theta
    88 |oceFreez|  1 |       |SM      U1|W/m^2           |heating from freezing of sea-water (allowFreezing=T)
    89 |TRELAX  |  1 |       |SM      U1|W/m^2           |surface temperature relaxation, >0 increases theta
    90 |SRELAX  |  1 |       |SM      U1|g/m^2/s         |surface salinity relaxation, >0 increases salt
    91 |surForcT|  1 |       |SM      U1|W/m^2           |model surface forcing for Temperature, >0 increases theta
    92 |surForcS|  1 |       |SM      U1|g/m^2/s         |model surface forcing for Salinity, >0 increases salinity
    93 |TFLUX   |  1 |       |SM      U1|W/m^2           |total heat flux (match heat-content variations), >0 increases theta
    94 |SFLUX   |  1 |       |SM      U1|g/m^2/s         |total salt flux (match salt-content variations), >0 increases salt
    95 |RCENTER |  1 |       |SM      MR|m               |Cell-Center Height
    96 |RSURF   |  1 |       |SM      M1|m               |Surface Height
    97 |TOTUTEND|  1 |    98 |UUR     MR|m/s/day         |Tendency of Zonal Component of Velocity
    98 |TOTVTEND|  1 |    97 |VVR     MR|m/s/day         |Tendency of Meridional Component of Velocity
    99 |TOTTTEND|  1 |       |SMR     MR|degC/day        |Tendency of Potential Temperature
------------------------------------------------------------------------------------
  Num  |<-Name->|Levs|  mate |<- code ->|<--  Units   -->|<- Tile (max=80c)         
------------------------------------------------------------------------------------
   100 |TOTSTEND|  1 |       |SMR     MR|psu/day         |Tendency of Salinity
   101 |MoistCor|  1 |       |SM      MR|W/m^2           |Heating correction due to moist thermodynamics
   102 |gT_Forc |  1 |       |SMR     MR|degC/s          |Potential Temp. forcing tendency
   103 |gS_Forc |  1 |       |SMR     MR|psu/s           |Salinity forcing tendency
   104 |AB_gT   |  1 |       |SMR     MR|degC/s          |Potential Temp. tendency from Adams-Bashforth
   105 |AB_gS   |  1 |       |SMR     MR|psu/s           |Salinity tendency from Adams-Bashforth
   106 |gTinAB  |  1 |       |SMR     MR|degC/s          |Potential Temp. tendency going in Adams-Bashforth
   107 |gSinAB  |  1 |       |SMR     MR|psu/s           |Salinity tendency going in Adams-Bashforth
   108 |AB_gU   |  1 |   109 |UUR     MR|m/s^2           |U momentum tendency from Adams-Bashforth
   109 |AB_gV   |  1 |   108 |VVR     MR|m/s^2           |V momentum tendency from Adams-Bashforth
   110 |ADVr_TH |  1 |       |WM      LR|degC.m^3/s      |Vertical   Advective Flux of Pot.Temperature
   111 |ADVx_TH |  1 |   112 |UU      MR|degC.m^3/s      |Zonal      Advective Flux of Pot.Temperature
   112 |ADVy_TH |  1 |   111 |VV      MR|degC.m^3/s      |Meridional Advective Flux of Pot.Temperature
   113 |DFrE_TH |  1 |       |WM      LR|degC.m^3/s      |Vertical Diffusive Flux of Pot.Temperature (Explicit part)
   114 |DFxE_TH |  1 |   115 |UU      MR|degC.m^3/s      |Zonal      Diffusive Flux of Pot.Temperature
   115 |DFyE_TH |  1 |   114 |VV      MR|degC.m^3/s      |Meridional Diffusive Flux of Pot.Temperature
   116 |DFrI_TH |  1 |       |WM      LR|degC.m^3/s      |Vertical Diffusive Flux of Pot.Temperature (Implicit part)
   117 |ADVr_SLT|  1 |       |WM      LR|psu.m^3/s       |Vertical   Advective Flux of Salinity
   118 |ADVx_SLT|  1 |   119 |UU      MR|psu.m^3/s       |Zonal      Advective Flux of Salinity
   119 |ADVy_SLT|  1 |   118 |VV      MR|psu.m^3/s       |Meridional Advective Flux of Salinity
   120 |DFrE_SLT|  1 |       |WM      LR|psu.m^3/s       |Vertical Diffusive Flux of Salinity    (Explicit part)
   121 |DFxE_SLT|  1 |   122 |UU      MR|psu.m^3/s       |Zonal      Diffusive Flux of Salinity
   122 |DFyE_SLT|  1 |   121 |VV      MR|psu.m^3/s       |Meridional Diffusive Flux of Salinity
   123 |DFrI_SLT|  1 |       |WM      LR|psu.m^3/s       |Vertical Diffusive Flux of Salinity    (Implicit part)
   124 |SALTFILL|  1 |       |SM      MR|psu.m^3/s       |Filling of Negative Values of Salinity
   125 |VISCAHZ |  1 |       |SZ      MR|m^2/s           |Harmonic Visc Coefficient (m2/s) (Zeta Pt)
   126 |VISCA4Z |  1 |       |SZ      MR|m^4/s           |Biharmonic Visc Coefficient (m4/s) (Zeta Pt)
   127 |VISCAHD |  1 |       |SM      MR|m^2/s           |Harmonic Viscosity Coefficient (m2/s) (Div Pt)
   128 |VISCA4D |  1 |       |SM      MR|m^4/s           |Biharmonic Viscosity Coefficient (m4/s) (Div Pt)
   129 |VISCAHW |  1 |       |WM      LR|m^2/s           |Harmonic Viscosity Coefficient (m2/s) (W Pt)
   130 |VISCA4W |  1 |       |WM      LR|m^4/s           |Biharmonic Viscosity Coefficient (m4/s) (W Pt)
   131 |VAHZMAX |  1 |       |SZ      MR|m^2/s           |CFL-MAX Harm Visc Coefficient (m2/s) (Zeta Pt)
   132 |VA4ZMAX |  1 |       |SZ      MR|m^4/s           |CFL-MAX Biharm Visc Coefficient (m4/s) (Zeta Pt)
   133 |VAHDMAX |  1 |       |SM      MR|m^2/s           |CFL-MAX Harm Visc Coefficient (m2/s) (Div Pt)
   134 |VA4DMAX |  1 |       |SM      MR|m^4/s           |CFL-MAX Biharm Visc Coefficient (m4/s) (Div Pt)
   135 |VAHZMIN |  1 |       |SZ      MR|m^2/s           |RE-MIN Harm Visc Coefficient (m2/s) (Zeta Pt)
   136 |VA4ZMIN |  1 |       |SZ      MR|m^4/s           |RE-MIN Biharm Visc Coefficient (m4/s) (Zeta Pt)
   137 |VAHDMIN |  1 |       |SM      MR|m^2/s           |RE-MIN Harm Visc Coefficient (m2/s) (Div Pt)
   138 |VA4DMIN |  1 |       |SM      MR|m^4/s           |RE-MIN Biharm Visc Coefficient (m4/s) (Div Pt)
   139 |VAHZLTH |  1 |       |SZ      MR|m^2/s           |Leith Harm Visc Coefficient (m2/s) (Zeta Pt)
   140 |VA4ZLTH |  1 |       |SZ      MR|m^4/s           |Leith Biharm Visc Coefficient (m4/s) (Zeta Pt)
   141 |VAHDLTH |  1 |       |SM      MR|m^2/s           |Leith Harm Visc Coefficient (m2/s) (Div Pt)
   142 |VA4DLTH |  1 |       |SM      MR|m^4/s           |Leith Biharm Visc Coefficient (m4/s) (Div Pt)
   143 |VAHZLTHD|  1 |       |SZ      MR|m^2/s           |LeithD Harm Visc Coefficient (m2/s) (Zeta Pt)
   144 |VA4ZLTHD|  1 |       |SZ      MR|m^4/s           |LeithD Biharm Visc Coefficient (m4/s) (Zeta Pt)
   145 |VAHDLTHD|  1 |       |SM      MR|m^2/s           |LeithD Harm Visc Coefficient (m2/s) (Div Pt)
   146 |VA4DLTHD|  1 |       |SM      MR|m^4/s           |LeithD Biharm Visc Coefficient (m4/s) (Div Pt)
   147 |VAHZSMAG|  1 |       |SZ      MR|m^2/s           |Smagorinsky Harm Visc Coefficient (m2/s) (Zeta Pt)
   148 |VA4ZSMAG|  1 |       |SZ      MR|m^4/s           |Smagorinsky Biharm Visc Coeff. (m4/s) (Zeta Pt)
   149 |VAHDSMAG|  1 |       |SM      MR|m^2/s           |Smagorinsky Harm Visc Coefficient (m2/s) (Div Pt)
   150 |VA4DSMAG|  1 |       |SM      MR|m^4/s           |Smagorinsky Biharm Visc Coeff. (m4/s) (Div Pt)
   151 |momKE   |  1 |       |SMR     MR|m^2/s^2         |Kinetic Energy (in momentum Eq.)
   152 |momHDiv |  1 |       |SMR     MR|s^-1            |Horizontal Divergence (in momentum Eq.)
   153 |momVort3|  1 |       |SZR     MR|s^-1            |3rd component (vertical) of Vorticity
   154 |Strain  |  1 |       |SZR     MR|s^-1            |Horizontal Strain of Horizontal Velocities
   155 |Tension |  1 |       |SMR     MR|s^-1            |Horizontal Tension of Horizontal Velocities
   156 |UBotDrag|  1 |   157 |UUR     MR|m/s^2           |U momentum tendency from Bottom Drag
   157 |VBotDrag|  1 |   156 |VVR     MR|m/s^2           |V momentum tendency from Bottom Drag
   158 |USidDrag|  1 |   159 |UUR     MR|m/s^2           |U momentum tendency from Side Drag
   159 |VSidDrag|  1 |   158 |VVR     MR|m/s^2           |V momentum tendency from Side Drag
   160 |Um_Diss |  1 |   161 |UUR     MR|m/s^2           |U momentum tendency from Dissipation
   161 |Vm_Diss |  1 |   160 |VVR     MR|m/s^2           |V momentum tendency from Dissipation
   162 |Um_Advec|  1 |   163 |UUR     MR|m/s^2           |U momentum tendency from Advection terms
   163 |Vm_Advec|  1 |   162 |VVR     MR|m/s^2           |V momentum tendency from Advection terms
   164 |Um_Cori |  1 |   165 |UUR     MR|m/s^2           |U momentum tendency from Coriolis term
   165 |Vm_Cori |  1 |   164 |VVR     MR|m/s^2           |V momentum tendency from Coriolis term
   166 |Um_dPHdx|  1 |   167 |UUR     MR|m/s^2           |U momentum tendency from Hydrostatic Pressure grad
   167 |Vm_dPHdy|  1 |   166 |VVR     MR|m/s^2           |V momentum tendency from Hydrostatic Pressure grad
   168 |Um_Ext  |  1 |   169 |UUR     MR|m/s^2           |U momentum tendency from external forcing
   169 |Vm_Ext  |  1 |   168 |VVR     MR|m/s^2           |V momentum tendency from external forcing
   170 |Um_AdvZ3|  1 |   171 |UUR     MR|m/s^2           |U momentum tendency from Vorticity Advection
   171 |Vm_AdvZ3|  1 |   170 |VVR     MR|m/s^2           |V momentum tendency from Vorticity Advection
   172 |Um_AdvRe|  1 |   173 |UUR     MR|m/s^2           |U momentum tendency from vertical Advection (Explicit part)
   173 |Vm_AdvRe|  1 |   172 |VVR     MR|m/s^2           |V momentum tendency from vertical Advection (Explicit part)
   174 |ADVx_Um |  1 |   175 |UM      MR|m^4/s^2         |Zonal      Advective Flux of U momentum
   175 |ADVy_Um |  1 |   174 |VZ      MR|m^4/s^2         |Meridional Advective Flux of U momentum
   176 |ADVrE_Um|  1 |       |WU      LR|m^4/s^2         |Vertical   Advective Flux of U momentum (Explicit part)
   177 |ADVx_Vm |  1 |   178 |UZ      MR|m^4/s^2         |Zonal      Advective Flux of V momentum
   178 |ADVy_Vm |  1 |   177 |VM      MR|m^4/s^2         |Meridional Advective Flux of V momentum
   179 |ADVrE_Vm|  1 |       |WV      LR|m^4/s^2         |Vertical   Advective Flux of V momentum (Explicit part)
   180 |VISCx_Um|  1 |   181 |UM      MR|m^4/s^2         |Zonal      Viscous Flux of U momentum
   181 |VISCy_Um|  1 |   180 |VZ      MR|m^4/s^2         |Meridional Viscous Flux of U momentum
   182 |VISrE_Um|  1 |       |WU      LR|m^4/s^2         |Vertical   Viscous Flux of U momentum (Explicit part)
   183 |VISrI_Um|  1 |       |WU      LR|m^4/s^2         |Vertical   Viscous Flux of U momentum (Implicit part)
   184 |VISCx_Vm|  1 |   185 |UZ      MR|m^4/s^2         |Zonal      Viscous Flux of V momentum
   185 |VISCy_Vm|  1 |   184 |VM      MR|m^4/s^2         |Meridional Viscous Flux of V momentum
   186 |VISrE_Vm|  1 |       |WV      LR|m^4/s^2         |Vertical   Viscous Flux of V momentum (Explicit part)
   187 |VISrI_Vm|  1 |       |WV      LR|m^4/s^2         |Vertical   Viscous Flux of V momentum (Implicit part)
   188 |TRAC01  |  1 |       |SMR     MR|g/m^3           |dye1 concentration
   189 |UTRAC01 |  1 |   190 |UUr     MR|g/m^3.m/s       |Zonal Mass-Weighted Transp of dye1
   190 |VTRAC01 |  1 |   189 |VVr     MR|g/m^3.m/s       |Merid Mass-Weighted Transp of dye1
   191 |WTRAC01 |  1 |       |WM      MR|g/m^3.m/s       |Vert  Mass-Weighted Transp of dye1
   192 |ForcTr01|  1 |       |SMR     MR|g/m^3/s         |dye1 forcing tendency
   193 |AB_gTr01|  1 |       |SMR     MR|g/m^3/s         |dye1 tendency from Adams-Bashforth
   194 |ADVrTr01|  1 |       |WM      LR|g/m^3.m^3/s     |Vertical   Advective Flux of dye1
   195 |ADVxTr01|  1 |   196 |UU      MR|g/m^3.m^3/s     |Zonal      Advective Flux of dye1
   196 |ADVyTr01|  1 |   195 |VV      MR|g/m^3.m^3/s     |Meridional Advective Flux of dye1
   197 |DFrETr01|  1 |       |WM      LR|g/m^3.m^3/s     |Vertical Diffusive Flux of dye1 (Explicit part)
   198 |DFxETr01|  1 |   199 |UU      MR|g/m^3.m^3/s     |Zonal      Diffusive Flux of dye1
   199 |DFyETr01|  1 |   198 |VV      MR|g/m^3.m^3/s     |Meridional Diffusive Flux of dye1
------------------------------------------------------------------------------------
  Num  |<-Name->|Levs|  mate |<- code ->|<--  Units   -->|<- Tile (max=80c)         
------------------------------------------------------------------------------------
   200 |DFrITr01|  1 |       |WM      LR|g/m^3.m^3/s     |Vertical Diffusive Flux of dye1 (Implicit part)
   201 |TRAC02  |  1 |       |SMR     MR|g/m^3           |dye2 concentration
   202 |UTRAC02 |  1 |   203 |UUr     MR|g/m^3.m/s       |Zonal Mass-Weighted Transp of dye2
   203 |VTRAC02 |  1 |   202 |VVr     MR|g/m^3.m/s       |Merid Mass-Weighted Transp of dye2
   204 |WTRAC02 |  1 |       |WM      MR|g/m^3.m/s       |Vert  Mass-Weighted Transp of dye2
   205 |ForcTr02|  1 |       |SMR     MR|g/m^3/s         |dye2 forcing tendency
   206 |AB_gTr02|  1 |       |SMR     MR|g/m^3/s         |dye2 tendency from Adams-Bashforth
   207 |ADVrTr02|  1 |       |WM      LR|g/m^3.m^3/s     |Vertical   Advective Flux of dye2
   208 |ADVxTr02|  1 |   209 |UU      MR|g/m^3.m^3/s     |Zonal      Advective Flux of dye2
   209 |ADVyTr02|  1 |   208 |VV      MR|g/m^3.m^3/s     |Meridional Advective Flux of dye2
   210 |DFrETr02|  1 |       |WM      LR|g/m^3.m^3/s     |Vertical Diffusive Flux of dye2 (Explicit part)
   211 |DFxETr02|  1 |   212 |UU      MR|g/m^3.m^3/s     |Zonal      Diffusive Flux of dye2
   212 |DFyETr02|  1 |   211 |VV      MR|g/m^3.m^3/s     |Meridional Diffusive Flux of dye2
   213 |DFrITr02|  1 |       |WM      LR|g/m^3.m^3/s     |Vertical Diffusive Flux of dye2 (Implicit part)
   214 |TRAC03  |  1 |       |SMR     MR|g/m^3           |dye3 concentration
   215 |UTRAC03 |  1 |   216 |UUr     MR|g/m^3.m/s       |Zonal Mass-Weighted Transp of dye3
   216 |VTRAC03 |  1 |   215 |VVr     MR|g/m^3.m/s       |Merid Mass-Weighted Transp of dye3
   217 |WTRAC03 |  1 |       |WM      MR|g/m^3.m/s       |Vert  Mass-Weighted Transp of dye3
   218 |ForcTr03|  1 |       |SMR     MR|g/m^3/s         |dye3 forcing tendency
   219 |AB_gTr03|  1 |       |SMR     MR|g/m^3/s         |dye3 tendency from Adams-Bashforth
   220 |ADVrTr03|  1 |       |WM      LR|g/m^3.m^3/s     |Vertical   Advective Flux of dye3
   221 |ADVxTr03|  1 |   222 |UU      MR|g/m^3.m^3/s     |Zonal      Advective Flux of dye3
   222 |ADVyTr03|  1 |   221 |VV      MR|g/m^3.m^3/s     |Meridional Advective Flux of dye3
   223 |DFrETr03|  1 |       |WM      LR|g/m^3.m^3/s     |Vertical Diffusive Flux of dye3 (Explicit part)
   224 |DFxETr03|  1 |   225 |UU      MR|g/m^3.m^3/s     |Zonal      Diffusive Flux of dye3
   225 |DFyETr03|  1 |   224 |VV      MR|g/m^3.m^3/s     |Meridional Diffusive Flux of dye3
   226 |DFrITr03|  1 |       |WM      LR|g/m^3.m^3/s     |Vertical Diffusive Flux of dye3 (Implicit part)
   227 |TRAC04  |  1 |       |SMR     MR|g/m^3           |dye4 concentration
   228 |UTRAC04 |  1 |   229 |UUr     MR|g/m^3.m/s       |Zonal Mass-Weighted Transp of dye4
   229 |VTRAC04 |  1 |   228 |VVr     MR|g/m^3.m/s       |Merid Mass-Weighted Transp of dye4
   230 |WTRAC04 |  1 |       |WM      MR|g/m^3.m/s       |Vert  Mass-Weighted Transp of dye4
   231 |ForcTr04|  1 |       |SMR     MR|g/m^3/s         |dye4 forcing tendency
   232 |AB_gTr04|  1 |       |SMR     MR|g/m^3/s         |dye4 tendency from Adams-Bashforth
   233 |ADVrTr04|  1 |       |WM      LR|g/m^3.m^3/s     |Vertical   Advective Flux of dye4
   234 |ADVxTr04|  1 |   235 |UU      MR|g/m^3.m^3/s     |Zonal      Advective Flux of dye4
   235 |ADVyTr04|  1 |   234 |VV      MR|g/m^3.m^3/s     |Meridional Advective Flux of dye4
   236 |DFrETr04|  1 |       |WM      LR|g/m^3.m^3/s     |Vertical Diffusive Flux of dye4 (Explicit part)
   237 |DFxETr04|  1 |   238 |UU      MR|g/m^3.m^3/s     |Zonal      Diffusive Flux of dye4
   238 |DFyETr04|  1 |   237 |VV      MR|g/m^3.m^3/s     |Meridional Diffusive Flux of dye4
   239 |DFrITr04|  1 |       |WM      LR|g/m^3.m^3/s     |Vertical Diffusive Flux of dye4 (Implicit part)
   240 |TRAC05  |  1 |       |SMR     MR|g/m^3           |dye5 concentration
   241 |UTRAC05 |  1 |   242 |UUr     MR|g/m^3.m/s       |Zonal Mass-Weighted Transp of dye5
   242 |VTRAC05 |  1 |   241 |VVr     MR|g/m^3.m/s       |Merid Mass-Weighted Transp of dye5
   243 |WTRAC05 |  1 |       |WM      MR|g/m^3.m/s       |Vert  Mass-Weighted Transp of dye5
   244 |ForcTr05|  1 |       |SMR     MR|g/m^3/s         |dye5 forcing tendency
   245 |AB_gTr05|  1 |       |SMR     MR|g/m^3/s         |dye5 tendency from Adams-Bashforth
   246 |ADVrTr05|  1 |       |WM      LR|g/m^3.m^3/s     |Vertical   Advective Flux of dye5
   247 |ADVxTr05|  1 |   248 |UU      MR|g/m^3.m^3/s     |Zonal      Advective Flux of dye5
   248 |ADVyTr05|  1 |   247 |VV      MR|g/m^3.m^3/s     |Meridional Advective Flux of dye5
   249 |DFrETr05|  1 |       |WM      LR|g/m^3.m^3/s     |Vertical Diffusive Flux of dye5 (Explicit part)
   250 |DFxETr05|  1 |   251 |UU      MR|g/m^3.m^3/s     |Zonal      Diffusive Flux of dye5
   251 |DFyETr05|  1 |   250 |VV      MR|g/m^3.m^3/s     |Meridional Diffusive Flux of dye5
   252 |DFrITr05|  1 |       |WM      LR|g/m^3.m^3/s     |Vertical Diffusive Flux of dye5 (Implicit part)
   253 |TRAC06  |  1 |       |SMR     MR|g/m^3           |dye6 concentration
   254 |UTRAC06 |  1 |   255 |UUr     MR|g/m^3.m/s       |Zonal Mass-Weighted Transp of dye6
   255 |VTRAC06 |  1 |   254 |VVr     MR|g/m^3.m/s       |Merid Mass-Weighted Transp of dye6
   256 |WTRAC06 |  1 |       |WM      MR|g/m^3.m/s       |Vert  Mass-Weighted Transp of dye6
   257 |ForcTr06|  1 |       |SMR     MR|g/m^3/s         |dye6 forcing tendency
   258 |AB_gTr06|  1 |       |SMR     MR|g/m^3/s         |dye6 tendency from Adams-Bashforth
   259 |ADVrTr06|  1 |       |WM      LR|g/m^3.m^3/s     |Vertical   Advective Flux of dye6
   260 |ADVxTr06|  1 |   261 |UU      MR|g/m^3.m^3/s     |Zonal      Advective Flux of dye6
   261 |ADVyTr06|  1 |   260 |VV      MR|g/m^3.m^3/s     |Meridional Advective Flux of dye6
   262 |DFrETr06|  1 |       |WM      LR|g/m^3.m^3/s     |Vertical Diffusive Flux of dye6 (Explicit part)
   263 |DFxETr06|  1 |   264 |UU      MR|g/m^3.m^3/s     |Zonal      Diffusive Flux of dye6
   264 |DFyETr06|  1 |   263 |VV      MR|g/m^3.m^3/s     |Meridional Diffusive Flux of dye6
   265 |DFrITr06|  1 |       |WM      LR|g/m^3.m^3/s     |Vertical Diffusive Flux of dye6 (Implicit part)
   266 |TRAC07  |  1 |       |SMR     MR|g/m^3           |dye7 concentration
   267 |UTRAC07 |  1 |   268 |UUr     MR|g/m^3.m/s       |Zonal Mass-Weighted Transp of dye7
   268 |VTRAC07 |  1 |   267 |VVr     MR|g/m^3.m/s       |Merid Mass-Weighted Transp of dye7
   269 |WTRAC07 |  1 |       |WM      MR|g/m^3.m/s       |Vert  Mass-Weighted Transp of dye7
   270 |ForcTr07|  1 |       |SMR     MR|g/m^3/s         |dye7 forcing tendency
   271 |AB_gTr07|  1 |       |SMR     MR|g/m^3/s         |dye7 tendency from Adams-Bashforth
   272 |ADVrTr07|  1 |       |WM      LR|g/m^3.m^3/s     |Vertical   Advective Flux of dye7
   273 |ADVxTr07|  1 |   274 |UU      MR|g/m^3.m^3/s     |Zonal      Advective Flux of dye7
   274 |ADVyTr07|  1 |   273 |VV      MR|g/m^3.m^3/s     |Meridional Advective Flux of dye7
   275 |DFrETr07|  1 |       |WM      LR|g/m^3.m^3/s     |Vertical Diffusive Flux of dye7 (Explicit part)
   276 |DFxETr07|  1 |   277 |UU      MR|g/m^3.m^3/s     |Zonal      Diffusive Flux of dye7
   277 |DFyETr07|  1 |   276 |VV      MR|g/m^3.m^3/s     |Meridional Diffusive Flux of dye7
   278 |DFrITr07|  1 |       |WM      LR|g/m^3.m^3/s     |Vertical Diffusive Flux of dye7 (Implicit part)
   279 |TRAC08  |  1 |       |SMR     MR|g/m^3           |dye8 concentration
   280 |UTRAC08 |  1 |   281 |UUr     MR|g/m^3.m/s       |Zonal Mass-Weighted Transp of dye8
   281 |VTRAC08 |  1 |   280 |VVr     MR|g/m^3.m/s       |Merid Mass-Weighted Transp of dye8
   282 |WTRAC08 |  1 |       |WM      MR|g/m^3.m/s       |Vert  Mass-Weighted Transp of dye8
   283 |ForcTr08|  1 |       |SMR     MR|g/m^3/s         |dye8 forcing tendency
   284 |AB_gTr08|  1 |       |SMR     MR|g/m^3/s         |dye8 tendency from Adams-Bashforth
   285 |ADVrTr08|  1 |       |WM      LR|g/m^3.m^3/s     |Vertical   Advective Flux of dye8
   286 |ADVxTr08|  1 |   287 |UU      MR|g/m^3.m^3/s     |Zonal      Advective Flux of dye8
   287 |ADVyTr08|  1 |   286 |VV      MR|g/m^3.m^3/s     |Meridional Advective Flux of dye8
   288 |DFrETr08|  1 |       |WM      LR|g/m^3.m^3/s     |Vertical Diffusive Flux of dye8 (Explicit part)
   289 |DFxETr08|  1 |   290 |UU      MR|g/m^3.m^3/s     |Zonal      Diffusive Flux of dye8
   290 |DFyETr08|  1 |   289 |VV      MR|g/m^3.m^3/s     |Meridional Diffusive Flux of dye8
   291 |DFrITr08|  1 |       |WM      LR|g/m^3.m^3/s     |Vertical Diffusive Flux of dye8 (Implicit part)
   292 |TRAC09  |  1 |       |SMR     MR|g/m^3           |dye9 concentration
   293 |UTRAC09 |  1 |   294 |UUr     MR|g/m^3.m/s       |Zonal Mass-Weighted Transp of dye9
   294 |VTRAC09 |  1 |   293 |VVr     MR|g/m^3.m/s       |Merid Mass-Weighted Transp of dye9
   295 |WTRAC09 |  1 |       |WM      MR|g/m^3.m/s       |Vert  Mass-Weighted Transp of dye9
   296 |ForcTr09|  1 |       |SMR     MR|g/m^3/s         |dye9 forcing tendency
   297 |AB_gTr09|  1 |       |SMR     MR|g/m^3/s         |dye9 tendency from Adams-Bashforth
   298 |ADVrTr09|  1 |       |WM      LR|g/m^3.m^3/s     |Vertical   Advective Flux of dye9
   299 |ADVxTr09|  1 |   300 |UU      MR|g/m^3.m^3/s     |Zonal      Advective Flux of dye9
------------------------------------------------------------------------------------
  Num  |<-Name->|Levs|  mate |<- code ->|<--  Units   -->|<- Tile (max=80c)         
------------------------------------------------------------------------------------
   300 |ADVyTr09|  1 |   299 |VV      MR|g/m^3.m^3/s     |Meridional Advective Flux of dye9
   301 |DFrETr09|  1 |       |WM      LR|g/m^3.m^3/s     |Vertical Diffusive Flux of dye9 (Explicit part)
   302 |DFxETr09|  1 |   303 |UU      MR|g/m^3.m^3/s     |Zonal      Diffusive Flux of dye9
   303 |DFyETr09|  1 |   302 |VV      MR|g/m^3.m^3/s     |Meridional Diffusive Flux of dye9
   304 |DFrITr09|  1 |       |WM      LR|g/m^3.m^3/s     |Vertical Diffusive Flux of dye9 (Implicit part)
   305 |TRAC10  |  1 |       |SMR     MR|g/m^3           |dye10 concentration
   306 |UTRAC10 |  1 |   307 |UUr     MR|g/m^3.m/s       |Zonal Mass-Weighted Transp of dye10
   307 |VTRAC10 |  1 |   306 |VVr     MR|g/m^3.m/s       |Merid Mass-Weighted Transp of dye10
   308 |WTRAC10 |  1 |       |WM      MR|g/m^3.m/s       |Vert  Mass-Weighted Transp of dye10
   309 |ForcTr10|  1 |       |SMR     MR|g/m^3/s         |dye10 forcing tendency
   310 |AB_gTr10|  1 |       |SMR     MR|g/m^3/s         |dye10 tendency from Adams-Bashforth
   311 |ADVrTr10|  1 |       |WM      LR|g/m^3.m^3/s     |Vertical   Advective Flux of dye10
   312 |ADVxTr10|  1 |   313 |UU      MR|g/m^3.m^3/s     |Zonal      Advective Flux of dye10
   313 |ADVyTr10|  1 |   312 |VV      MR|g/m^3.m^3/s     |Meridional Advective Flux of dye10
   314 |DFrETr10|  1 |       |WM      LR|g/m^3.m^3/s     |Vertical Diffusive Flux of dye10 (Explicit part)
   315 |DFxETr10|  1 |   316 |UU      MR|g/m^3.m^3/s     |Zonal      Diffusive Flux of dye10
   316 |DFyETr10|  1 |   315 |VV      MR|g/m^3.m^3/s     |Meridional Diffusive Flux of dye10
   317 |DFrITr10|  1 |       |WM      LR|g/m^3.m^3/s     |Vertical Diffusive Flux of dye10 (Implicit part)
   318 |TRAC11  |  1 |       |SMR     MR|kg/kg           |Tracer 0011 concentration
   319 |UTRAC11 |  1 |   320 |UUr     MR|kg/kg.m/s       |Zonal Mass-Weighted Transp of Tracer 0011
   320 |VTRAC11 |  1 |   319 |VVr     MR|kg/kg.m/s       |Merid Mass-Weighted Transp of Tracer 0011
   321 |WTRAC11 |  1 |       |WM      MR|kg/kg.m/s       |Vert  Mass-Weighted Transp of Tracer 0011
   322 |ForcTr11|  1 |       |SMR     MR|kg/kg/s         |Tracer 0011 forcing tendency
   323 |AB_gTr11|  1 |       |SMR     MR|kg/kg/s         |Tracer 0011 tendency from Adams-Bashforth
   324 |ADVrTr11|  1 |       |WM      LR|kg/kg.m^3/s     |Vertical   Advective Flux of Tracer 0011
   325 |ADVxTr11|  1 |   326 |UU      MR|kg/kg.m^3/s     |Zonal      Advective Flux of Tracer 0011
   326 |ADVyTr11|  1 |   325 |VV      MR|kg/kg.m^3/s     |Meridional Advective Flux of Tracer 0011
   327 |DFrETr11|  1 |       |WM      LR|kg/kg.m^3/s     |Vertical Diffusive Flux of Tracer 0011 (Explicit part)
   328 |DFxETr11|  1 |   329 |UU      MR|kg/kg.m^3/s     |Zonal      Diffusive Flux of Tracer 0011
   329 |DFyETr11|  1 |   328 |VV      MR|kg/kg.m^3/s     |Meridional Diffusive Flux of Tracer 0011
   330 |DFrITr11|  1 |       |WM      LR|kg/kg.m^3/s     |Vertical Diffusive Flux of Tracer 0011 (Implicit part)
   331 |TRAC12  |  1 |       |SMR     MR|kg/kg           |Tracer 0012 concentration
   332 |UTRAC12 |  1 |   333 |UUr     MR|kg/kg.m/s       |Zonal Mass-Weighted Transp of Tracer 0012
   333 |VTRAC12 |  1 |   332 |VVr     MR|kg/kg.m/s       |Merid Mass-Weighted Transp of Tracer 0012
   334 |WTRAC12 |  1 |       |WM      MR|kg/kg.m/s       |Vert  Mass-Weighted Transp of Tracer 0012
   335 |ForcTr12|  1 |       |SMR     MR|kg/kg/s         |Tracer 0012 forcing tendency
   336 |AB_gTr12|  1 |       |SMR     MR|kg/kg/s         |Tracer 0012 tendency from Adams-Bashforth
   337 |ADVrTr12|  1 |       |WM      LR|kg/kg.m^3/s     |Vertical   Advective Flux of Tracer 0012
   338 |ADVxTr12|  1 |   339 |UU      MR|kg/kg.m^3/s     |Zonal      Advective Flux of Tracer 0012
   339 |ADVyTr12|  1 |   338 |VV      MR|kg/kg.m^3/s     |Meridional Advective Flux of Tracer 0012
   340 |DFrETr12|  1 |       |WM      LR|kg/kg.m^3/s     |Vertical Diffusive Flux of Tracer 0012 (Explicit part)
   341 |DFxETr12|  1 |   342 |UU      MR|kg/kg.m^3/s     |Zonal      Diffusive Flux of Tracer 0012
   342 |DFyETr12|  1 |   341 |VV      MR|kg/kg.m^3/s     |Meridional Diffusive Flux of Tracer 0012
   343 |DFrITr12|  1 |       |WM      LR|kg/kg.m^3/s     |Vertical Diffusive Flux of Tracer 0012 (Implicit part)
   344 |TRAC13  |  1 |       |SMR     MR|kg/kg           |Tracer 0013 concentration
   345 |UTRAC13 |  1 |   346 |UUr     MR|kg/kg.m/s       |Zonal Mass-Weighted Transp of Tracer 0013
   346 |VTRAC13 |  1 |   345 |VVr     MR|kg/kg.m/s       |Merid Mass-Weighted Transp of Tracer 0013
   347 |WTRAC13 |  1 |       |WM      MR|kg/kg.m/s       |Vert  Mass-Weighted Transp of Tracer 0013
   348 |ForcTr13|  1 |       |SMR     MR|kg/kg/s         |Tracer 0013 forcing tendency
   349 |AB_gTr13|  1 |       |SMR     MR|kg/kg/s         |Tracer 0013 tendency from Adams-Bashforth
   350 |ADVrTr13|  1 |       |WM      LR|kg/kg.m^3/s     |Vertical   Advective Flux of Tracer 0013
   351 |ADVxTr13|  1 |   352 |UU      MR|kg/kg.m^3/s     |Zonal      Advective Flux of Tracer 0013
   352 |ADVyTr13|  1 |   351 |VV      MR|kg/kg.m^3/s     |Meridional Advective Flux of Tracer 0013
   353 |DFrETr13|  1 |       |WM      LR|kg/kg.m^3/s     |Vertical Diffusive Flux of Tracer 0013 (Explicit part)
   354 |DFxETr13|  1 |   355 |UU      MR|kg/kg.m^3/s     |Zonal      Diffusive Flux of Tracer 0013
   355 |DFyETr13|  1 |   354 |VV      MR|kg/kg.m^3/s     |Meridional Diffusive Flux of Tracer 0013
   356 |DFrITr13|  1 |       |WM      LR|kg/kg.m^3/s     |Vertical Diffusive Flux of Tracer 0013 (Implicit part)
   357 |TRAC14  |  1 |       |SMR     MR|kg/kg           |Tracer 0014 concentration
   358 |UTRAC14 |  1 |   359 |UUr     MR|kg/kg.m/s       |Zonal Mass-Weighted Transp of Tracer 0014
   359 |VTRAC14 |  1 |   358 |VVr     MR|kg/kg.m/s       |Merid Mass-Weighted Transp of Tracer 0014
   360 |WTRAC14 |  1 |       |WM      MR|kg/kg.m/s       |Vert  Mass-Weighted Transp of Tracer 0014
   361 |ForcTr14|  1 |       |SMR     MR|kg/kg/s         |Tracer 0014 forcing tendency
   362 |AB_gTr14|  1 |       |SMR     MR|kg/kg/s         |Tracer 0014 tendency from Adams-Bashforth
   363 |ADVrTr14|  1 |       |WM      LR|kg/kg.m^3/s     |Vertical   Advective Flux of Tracer 0014
   364 |ADVxTr14|  1 |   365 |UU      MR|kg/kg.m^3/s     |Zonal      Advective Flux of Tracer 0014
   365 |ADVyTr14|  1 |   364 |VV      MR|kg/kg.m^3/s     |Meridional Advective Flux of Tracer 0014
   366 |DFrETr14|  1 |       |WM      LR|kg/kg.m^3/s     |Vertical Diffusive Flux of Tracer 0014 (Explicit part)
   367 |DFxETr14|  1 |   368 |UU      MR|kg/kg.m^3/s     |Zonal      Diffusive Flux of Tracer 0014
   368 |DFyETr14|  1 |   367 |VV      MR|kg/kg.m^3/s     |Meridional Diffusive Flux of Tracer 0014
   369 |DFrITr14|  1 |       |WM      LR|kg/kg.m^3/s     |Vertical Diffusive Flux of Tracer 0014 (Implicit part)
   370 |TRAC15  |  1 |       |SMR     MR|kg/kg           |Tracer 0015 concentration
   371 |UTRAC15 |  1 |   372 |UUr     MR|kg/kg.m/s       |Zonal Mass-Weighted Transp of Tracer 0015
   372 |VTRAC15 |  1 |   371 |VVr     MR|kg/kg.m/s       |Merid Mass-Weighted Transp of Tracer 0015
   373 |WTRAC15 |  1 |       |WM      MR|kg/kg.m/s       |Vert  Mass-Weighted Transp of Tracer 0015
   374 |ForcTr15|  1 |       |SMR     MR|kg/kg/s         |Tracer 0015 forcing tendency
   375 |AB_gTr15|  1 |       |SMR     MR|kg/kg/s         |Tracer 0015 tendency from Adams-Bashforth
   376 |ADVrTr15|  1 |       |WM      LR|kg/kg.m^3/s     |Vertical   Advective Flux of Tracer 0015
   377 |ADVxTr15|  1 |   378 |UU      MR|kg/kg.m^3/s     |Zonal      Advective Flux of Tracer 0015
   378 |ADVyTr15|  1 |   377 |VV      MR|kg/kg.m^3/s     |Meridional Advective Flux of Tracer 0015
   379 |DFrETr15|  1 |       |WM      LR|kg/kg.m^3/s     |Vertical Diffusive Flux of Tracer 0015 (Explicit part)
   380 |DFxETr15|  1 |   381 |UU      MR|kg/kg.m^3/s     |Zonal      Diffusive Flux of Tracer 0015
   381 |DFyETr15|  1 |   380 |VV      MR|kg/kg.m^3/s     |Meridional Diffusive Flux of Tracer 0015
   382 |DFrITr15|  1 |       |WM      LR|kg/kg.m^3/s     |Vertical Diffusive Flux of Tracer 0015 (Implicit part)
   383 |TRAC16  |  1 |       |SMR     MR|kg/kg           |Tracer 0016 concentration
   384 |UTRAC16 |  1 |   385 |UUr     MR|kg/kg.m/s       |Zonal Mass-Weighted Transp of Tracer 0016
   385 |VTRAC16 |  1 |   384 |VVr     MR|kg/kg.m/s       |Merid Mass-Weighted Transp of Tracer 0016
   386 |WTRAC16 |  1 |       |WM      MR|kg/kg.m/s       |Vert  Mass-Weighted Transp of Tracer 0016
   387 |ForcTr16|  1 |       |SMR     MR|kg/kg/s         |Tracer 0016 forcing tendency
   388 |AB_gTr16|  1 |       |SMR     MR|kg/kg/s         |Tracer 0016 tendency from Adams-Bashforth
   389 |ADVrTr16|  1 |       |WM      LR|kg/kg.m^3/s     |Vertical   Advective Flux of Tracer 0016
   390 |ADVxTr16|  1 |   391 |UU      MR|kg/kg.m^3/s     |Zonal      Advective Flux of Tracer 0016
   391 |ADVyTr16|  1 |   390 |VV      MR|kg/kg.m^3/s     |Meridional Advective Flux of Tracer 0016
   392 |DFrETr16|  1 |       |WM      LR|kg/kg.m^3/s     |Vertical Diffusive Flux of Tracer 0016 (Explicit part)
   393 |DFxETr16|  1 |   394 |UU      MR|kg/kg.m^3/s     |Zonal      Diffusive Flux of Tracer 0016
   394 |DFyETr16|  1 |   393 |VV      MR|kg/kg.m^3/s     |Meridional Diffusive Flux of Tracer 0016
   395 |DFrITr16|  1 |       |WM      LR|kg/kg.m^3/s     |Vertical Diffusive Flux of Tracer 0016 (Implicit part)
   396 |Add2EmP |  1 |       |SM      U1|kg/m^2/s        |additional EmP from salt relaxation
------------------------------------------------------------------------------------
  Num  |<-Name->|Levs|  mate |<- code ->|<--  Units   -->|<- Tile (max=80c)         
------------------------------------------------------------------------------------
